Pseudo: jose, Password: joseadministrateurÉchec de la vérification du mot de passe pour l'utilisateur: josePseudo: jose, Password: joseadministrateurUtilisateur trouvé: Array
(
    [username] => jose
    [password] => joseadministrateur
    [nom] => ARCADIA
    [prenom] => José
    [role_id] => 3
)
Pseudo: jose, Password: joseadministrateurUtilisateur trouvé: Array
(
    [username] => jose
    [password] => joseadministrateur
    [nom] => ARCADIA
    [prenom] => José
    [role_id] => 3
)
Pseudo: jose, Password: joseadministrateurUtilisateur trouvé: Array
(
    [username] => jose
    [password] => joseadministrateur
    [nom] => ARCADIA
    [prenom] => José
    [role_id] => 3
)
Pseudo: jose, Password: joseadministrateurUtilisateur trouvé: Array
(
    [username] => jose
    [password] => joseadministrateur
    [nom] => ARCADIA
    [prenom] => José
    [role_id] => 3
)
Pseudo: jose, Password: joseadministrateurUtilisateur trouvé: Array
(
    [username] => jose
    [password] => joseadministrateur
    [nom] => ARCADIA
    [prenom] => José
    [role_id] => 3
)
Pseudo: jose, Password: joseadministrateurUtilisateur trouvé: Array
(
    [username] => jose
    [password] => joseadministrateur
    [nom] => ARCADIA
    [prenom] => José
    [role_id] => 3
)
Pseudo: jose, Password: joseadministrateurUtilisateur trouvé: Array
(
    [username] => jose
    [password] => joseadministrateur
    [nom] => ARCADIA
    [prenom] => José
    [role_id] => 3
)
Pseudo: jose, Password: joseadministrateurUtilisateur trouvé: Array
(
    [username] => jose
    [password] => joseadministrateur
    [nom] => ARCADIA
    [prenom] => José
    [role_id] => 3
)
Pseudo: jose, Password: joseadministrateurUtilisateur trouvé: Array
(
    [username] => jose
    [password] => joseadministrateur
    [nom] => ARCADIA
    [prenom] => José
    [role_id] => 3
)
Pseudo: jose, Password: joseadministrateurPseudo: jose, Password: joseadministrateurPseudo: jose, Password: joseadministrateurPseudo: jose, Password: joseadministrateurPseudo: jose, Password: joseadministrateurPseudo: jose, Password: joseadministrateurPseudo: jose, Password: joseadministrateurPseudo: jose, Password: joseadministrateurPseudo: jose, Password: joseadministrateurPseudo: jose, Password: joseadministrateurPseudo: jose, Password: joseadministrateurPseudo: jose, Password: joseadministrateurPseudo: jose, Password: joseadministrateurPseudo: jose, Password: joseadministrateurPseudo: jose, Password: joseadministrateurPseudo: jose, Password: joseadministrateurPseudo: jose, Password: joseadministrateurPseudo: jose, Password: joseadministrateurPseudo: jose, Password: joseadministrateurPseudo: jose, Password: joseadministrateurPseudo: jose, Password: joseadministrateurPseudo: edu, Password: joseadministrateurÉchec de la vérification du mot de passe pour l'utilisateur: eduPseudo: edu, Password: 1234567890Pseudo: jose, Password: joseadministrateurPseudo: jose, Password: joseadministrateurPseudo: edu, Password: 1234567890Pseudo: hehermosilla@gmail.com, Password: 	 eduardoHermÉchec de la vérification du mot de passe pour l'utilisateur: hehermosilla@gmail.comPseudo: hehermosilla@gmail.com, Password: eduardoHermPseudo: edu, Password: 1234567890Pseudo: jose, Password: joseadministrateurPseudo: hehermosilla@gmail.com, Password: eduardoHermPseudo: edu, Password: 1234567890Pseudo: jose, Password: joseadministrateurPseudo: jose, Password: joseadministrateurPseudo: jose, Password: joseadministrateurPseudo: jose, Password: joseadministrateurPseudo: jose, Password: joseadministrateurPseudo: hehermosilla@gmail.com, Password: eduardoHermPseudo: jose, Password: joseadministrateurPseudo: jose, Password: joseadministrateurPseudo: jose, Password: joseadministrateurErreur de connexion à la base de donnéesPseudo: jose, Password: joseadministrateurErreur de connexion à la base de donnéesPseudo: jose, Password: joseadministrateurErreur de connexion à la base de donnéesPseudo: jose, Password: joseadministrateurErreur de connexion à la base de donnéesPseudo: jose, Password: joseadministrateurErreur de connexion à la base de donnéesPseudo: jose, Password: joseadministrateurErreur de connexion à la base de donnéesPseudo: edu, Password: 1234567890Erreur de connexion à la base de donnéesPseudo: jose, Password: joseadministrateurErreur de connexion à la base de donnéesPseudo: jose, Password: joseadministrateurErreur de connexion à la base de donnéesPseudo: jose, Password: joseadministrateurErreur de connexion à la base de donnéesPseudo: jose, Password: joseadministrateurErreur de connexion à la base de donnéesPseudo: jose, Password: joseadministrateurErreur de connexion à la base de donnéesPseudo: jose, Password: joseadministrateurPseudo: jose, Password: joseadministrateurPseudo: jose, Password: joseadministrateurPseudo: edu, Password: 1234567890Pseudo: hehermosilla@gmail.com, Password: eduardoHermPseudo: hehermosilla@gmail.com, Password: eduardoHermPseudo: jose, Password: joseadministrateurPseudo: jose, Password: joseadministrateurPseudo: jose, Password: joseadministrateurPseudo: edu, Password: 1234567890Pseudo: hehermosilla@gmail.com, Password: eduardoHermPseudo: hehermosilla@gmail.com, Password: eduardoHermPseudo: jose, Password: joseadministrateurPseudo: jose, Password: joseadministrateurPseudo: jose, Password: joseadministrateurPseudo: jose, Password: joseadministrateurPseudo: jose, Password: joseadministrateuÉchec de la vérification du mot de passe pour l'utilisateur: josePseudo: jose, Password: joseadministrateurPseudo: hehermosilla@gmail.com, Password: eduardoHermPseudo: jose, Password: joseadministrateurPseudo: jose, Password: joseadministrateurPseudo: hehermosilla@gmail.com, Password: eduardoHermPseudo: hehermosilla@gmail.com, Password: eduardoHermPseudo: hehermosilla@gmail.com, Password: eduardoHermPseudo: edu, Password: 1234567890Pseudo: hehermosilla@gmail.com, Password: eduardoHermPseudo: edu, Password: 1234567890Pseudo: hehermosilla@gmail.com, Password: eduardoHermPseudo: jose, Password: joseadministrateurPseudo: edu, Password: 1234567890Pseudo: jose, Password: joseadministrateurPseudo: jose, Password: joseadministrateurPseudo: edu, Password: 1234567890Pseudo: jose, Password: joseadministrateurPseudo: jose, Password: joseadministrateurPseudo: hehermosilla@gmail.com, Password: eduardoHermPseudo: hehermosilla@gmail.com, Password: eduardoHermPseudo: jose, Password: joseadministrateurPseudo: jose, Password: joseadministrateurPseudo: hehermosilla@gmail.com, Password: eduardoHermPseudo: edu, Password: Edu-63333Échec de la vérification du mot de passe pour l'utilisateur: eduPseudo: edu, Password: Edu-63333Échec de la vérification du mot de passe pour l'utilisateur: eduPseudo: hehermosilla@gmail.com, Password: eduardoHermPseudo: edu, Password: Edu-63333Échec de la vérification du mot de passe pour l'utilisateur: eduPseudo: edu, Password: 1234567890Pseudo: jose, Password: joseadministrateurPseudo: jose, Password: joseadministrateurPseudo: jose, Password: joseadministrateurPseudo: jose, Password: joseadministrateurPseudo: jose, Password: joseadministrateurPseudo: jose, Password: joseadministrateurPseudo: jose, Password: joseadministrateurPseudo: edu@gmail.com, Password: eduedueduÉchec de la vérification du mot de passe pour l'utilisateur: edu@gmail.comPseudo: jose, Password: joseadministrateurPseudo: edu@gmail.com, Password: Abc-9862246267Pseudo: jose, Password: joseadministrateurPseudo: edu@gmail.com, Password: Abc-9862246267Pseudo: hehermosilla@gmail.com, Password: eduardoHermPseudo: edu@gmail.com, Password: Abc-9862246267Pseudo: jose, Password: joseadministrateurPseudo: jose, Password: joseadministrateurPseudo: jose, Password: joseadministrateurPseudo: Eduardo, Password: Edu-986224626Échec de la vérification du mot de passe pour l'utilisateur: Eduardo